<?xml version="1.0" encoding="UTF-8"?>
<coverage generated="1631083275">
  <project timestamp="1631083275">
    <package name="Qcloud\Cos">
      <file name="/Users/tuuna/Git/tuuna-php/src/Qcloud/Cos/Client.php">
        <class name="Qcloud\Cos\Client" namespace="Qcloud\Cos">
          <metrics complexity="76" methods="24" coveredmethods="4" conditionals="0" coveredconditionals="0" statements="212" coveredstatements="81" elements="236" coveredelements="85"/>
        </class>
        <line num="110" type="method" name="__construct" visibility="public" complexity="24" crap="24.33" count="1"/>
        <line num="111" type="stmt" count="1"/>
        <line num="112" type="stmt" count="1"/>
        <line num="113" type="stmt" count="1"/>
        <line num="114" type="stmt" count="1"/>
        <line num="115" type="stmt" count="1"/>
        <line num="116" type="stmt" count="1"/>
        <line num="117" type="stmt" count="1"/>
        <line num="118" type="stmt" count="1"/>
        <line num="119" type="stmt" count="1"/>
        <line num="120" type="stmt" count="1"/>
        <line num="121" type="stmt" count="1"/>
        <line num="122" type="stmt" count="1"/>
        <line num="123" type="stmt" count="1"/>
        <line num="124" type="stmt" count="1"/>
        <line num="125" type="stmt" count="1"/>
        <line num="126" type="stmt" count="1"/>
        <line num="127" type="stmt" count="1"/>
        <line num="128" type="stmt" count="1"/>
        <line num="129" type="stmt" count="1"/>
        <line num="130" type="stmt" count="1"/>
        <line num="132" type="stmt" count="1"/>
        <line num="133" type="stmt" count="0"/>
        <line num="134" type="stmt" count="0"/>
        <line num="136" type="stmt" count="1"/>
        <line num="137" type="stmt" count="1"/>
        <line num="138" type="stmt" count="1"/>
        <line num="140" type="stmt" count="1"/>
        <line num="141" type="stmt" count="1"/>
        <line num="142" type="stmt" count="1"/>
        <line num="143" type="stmt" count="1"/>
        <line num="145" type="stmt" count="1"/>
        <line num="147" type="stmt" count="0"/>
        <line num="148" type="stmt" count="0"/>
        <line num="150" type="stmt" count="1"/>
        <line num="151" type="stmt" count="1"/>
        <line num="152" type="stmt" count="1"/>
        <line num="153" type="stmt" count="1"/>
        <line num="154" type="stmt" count="1"/>
        <line num="155" type="stmt" count="1"/>
        <line num="156" type="stmt" count="1"/>
        <line num="157" type="stmt" count="1"/>
        <line num="158" type="stmt" count="1"/>
        <line num="160" type="stmt" count="1"/>
        <line num="161" type="stmt" count="1"/>
        <line num="162" type="stmt" count="1"/>
        <line num="163" type="stmt" count="1"/>
        <line num="164" type="stmt" count="1"/>
        <line num="165" type="stmt" count="1"/>
        <line num="167" type="method" name="inputCheck" visibility="public" complexity="5" crap="6.32" count="1"/>
        <line num="168" type="stmt" count="1"/>
        <line num="169" type="stmt" count="1"/>
        <line num="170" type="stmt" count="1"/>
        <line num="171" type="stmt" count="1"/>
        <line num="172" type="stmt" count="0"/>
        <line num="173" type="stmt" count="0"/>
        <line num="174" type="stmt" count="0"/>
        <line num="176" type="stmt" count="1"/>
        <line num="179" type="method" name="retryDecide" visibility="public" complexity="7" crap="9.36" count="1"/>
        <line num="186" type="stmt" count="1"/>
        <line num="187" type="stmt" count="1"/>
        <line num="189" type="stmt" count="1"/>
        <line num="190" type="stmt" count="0"/>
        <line num="192" type="stmt" count="1"/>
        <line num="193" type="stmt" count="1"/>
        <line num="194" type="stmt" count="1"/>
        <line num="198" type="stmt" count="0"/>
        <line num="199" type="stmt" count="0"/>
        <line num="202" type="stmt" count="0"/>
        <line num="203" type="stmt" count="1"/>
        <line num="206" type="method" name="retryDelay" visibility="public" complexity="1" crap="1" count="1"/>
        <line num="208" type="stmt" count="1"/>
        <line num="209" type="stmt" count="1"/>
        <line num="212" type="method" name="commandToRequestTransformer" visibility="public" complexity="1" crap="1" count="1"/>
        <line num="214" type="stmt" count="1"/>
        <line num="215" type="stmt" count="1"/>
        <line num="216" type="stmt" count="1"/>
        <line num="217" type="stmt" count="1"/>
        <line num="218" type="stmt" count="1"/>
        <line num="219" type="stmt" count="1"/>
        <line num="220" type="stmt" count="1"/>
        <line num="221" type="stmt" count="1"/>
        <line num="222" type="stmt" count="1"/>
        <line num="223" type="stmt" count="1"/>
        <line num="224" type="stmt" count="1"/>
        <line num="225" type="stmt" count="1"/>
        <line num="226" type="stmt" count="1"/>
        <line num="227" type="stmt" count="1"/>
        <line num="230" type="method" name="responseToResultTransformer" visibility="public" complexity="1" crap="2" count="0"/>
        <line num="232" type="stmt" count="0"/>
        <line num="233" type="stmt" count="0"/>
        <line num="234" type="stmt" count="0"/>
        <line num="235" type="stmt" count="0"/>
        <line num="237" type="stmt" count="0"/>
        <line num="238" type="stmt" count="0"/>
        <line num="239" type="stmt" count="0"/>
        <line num="240" type="stmt" count="0"/>
        <line num="241" type="stmt" count="0"/>
        <line num="244" type="method" name="__destruct" visibility="public" complexity="1" crap="2" count="0"/>
        <line num="245" type="stmt" count="0"/>
        <line num="247" type="method" name="__call" visibility="public" complexity="3" crap="3.21" count="1"/>
        <line num="249" type="stmt" count="1"/>
        <line num="250" type="stmt" count="0"/>
        <line num="251" type="stmt" count="1"/>
        <line num="252" type="stmt" count="1"/>
        <line num="253" type="stmt" count="1"/>
        <line num="254" type="stmt" count="1"/>
        <line num="256" type="stmt" count="0"/>
        <line num="261" type="method" name="getApi" visibility="public" complexity="1" crap="2" count="0"/>
        <line num="262" type="stmt" count="0"/>
        <line num="265" type="method" name="getCosConfig" visibility="private" complexity="1" crap="2" count="0"/>
        <line num="266" type="stmt" count="0"/>
        <line num="269" type="method" name="createPresignedUrl" visibility="private" complexity="1" crap="2" count="0"/>
        <line num="270" type="stmt" count="0"/>
        <line num="273" type="method" name="getPresignetUrl" visibility="public" complexity="1" crap="2" count="0"/>
        <line num="274" type="stmt" count="0"/>
        <line num="277" type="method" name="getPresignedUrl" visibility="public" complexity="1" crap="2" count="0"/>
        <line num="278" type="stmt" count="0"/>
        <line num="279" type="stmt" count="0"/>
        <line num="280" type="stmt" count="0"/>
        <line num="284" type="method" name="getObjectUrl" visibility="public" complexity="1" crap="2" count="0"/>
        <line num="285" type="stmt" count="0"/>
        <line num="286" type="stmt" count="0"/>
        <line num="287" type="stmt" count="0"/>
        <line num="290" type="method" name="getObjectUrlWithoutSign" visibility="public" complexity="1" crap="2" count="0"/>
        <line num="291" type="stmt" count="0"/>
        <line num="292" type="stmt" count="0"/>
        <line num="293" type="stmt" count="0"/>
        <line num="296" type="method" name="upload" visibility="public" complexity="3" crap="12" count="0"/>
        <line num="297" type="stmt" count="0"/>
        <line num="298" type="stmt" count="0"/>
        <line num="299" type="stmt" count="0"/>
        <line num="300" type="stmt" count="0"/>
        <line num="301" type="stmt" count="0"/>
        <line num="302" type="stmt" count="0"/>
        <line num="303" type="stmt" count="0"/>
        <line num="304" type="stmt" count="0"/>
        <line num="305" type="stmt" count="0"/>
        <line num="308" type="stmt" count="0"/>
        <line num="309" type="stmt" count="0"/>
        <line num="310" type="stmt" count="0"/>
        <line num="311" type="stmt" count="0"/>
        <line num="313" type="stmt" count="0"/>
        <line num="315" type="stmt" count="0"/>
        <line num="318" type="method" name="download" visibility="public" complexity="5" crap="30" count="0"/>
        <line num="319" type="stmt" count="0"/>
        <line num="320" type="stmt" count="0"/>
        <line num="321" type="stmt" count="0"/>
        <line num="323" type="stmt" count="0"/>
        <line num="324" type="stmt" count="0"/>
        <line num="325" type="stmt" count="0"/>
        <line num="326" type="stmt" count="0"/>
        <line num="329" type="stmt" count="0"/>
        <line num="331" type="stmt" count="0"/>
        <line num="332" type="stmt" count="0"/>
        <line num="333" type="stmt" count="0"/>
        <line num="334" type="stmt" count="0"/>
        <line num="336" type="stmt" count="0"/>
        <line num="337" type="stmt" count="0"/>
        <line num="338" type="stmt" count="0"/>
        <line num="340" type="stmt" count="0"/>
        <line num="341" type="stmt" count="0"/>
        <line num="342" type="stmt" count="0"/>
        <line num="343" type="stmt" count="0"/>
        <line num="344" type="stmt" count="0"/>
        <line num="345" type="stmt" count="0"/>
        <line num="347" type="stmt" count="0"/>
        <line num="348" type="stmt" count="0"/>
        <line num="349" type="stmt" count="0"/>
        <line num="350" type="stmt" count="0"/>
        <line num="352" type="stmt" count="0"/>
        <line num="354" type="stmt" count="0"/>
        <line num="357" type="method" name="resumeUpload" visibility="public" complexity="2" crap="6" count="0"/>
        <line num="358" type="stmt" count="0"/>
        <line num="359" type="stmt" count="0"/>
        <line num="360" type="stmt" count="0"/>
        <line num="361" type="stmt" count="0"/>
        <line num="362" type="stmt" count="0"/>
        <line num="363" type="stmt" count="0"/>
        <line num="364" type="stmt" count="0"/>
        <line num="366" type="stmt" count="0"/>
        <line num="367" type="stmt" count="0"/>
        <line num="370" type="method" name="copy" visibility="public" complexity="5" crap="30" count="0"/>
        <line num="372" type="stmt" count="0"/>
        <line num="375" type="stmt" count="0"/>
        <line num="376" type="stmt" count="0"/>
        <line num="377" type="stmt" count="0"/>
        <line num="378" type="stmt" count="0"/>
        <line num="380" type="stmt" count="0"/>
        <line num="381" type="stmt" count="0"/>
        <line num="382" type="stmt" count="0"/>
        <line num="383" type="stmt" count="0"/>
        <line num="386" type="stmt" count="0"/>
        <line num="387" type="stmt" count="0"/>
        <line num="390" type="stmt" count="0"/>
        <line num="392" type="stmt" count="0"/>
        <line num="393" type="stmt" count="0"/>
        <line num="394" type="stmt" count="0"/>
        <line num="395" type="stmt" count="0"/>
        <line num="396" type="stmt" count="0"/>
        <line num="397" type="stmt" count="0"/>
        <line num="398" type="stmt" count="0"/>
        <line num="400" type="stmt" count="0"/>
        <line num="403" type="stmt" count="0"/>
        <line num="404" type="stmt" count="0"/>
        <line num="405" type="stmt" count="0"/>
        <line num="406" type="stmt" count="0"/>
        <line num="407" type="stmt" count="0"/>
        <line num="409" type="stmt" count="0"/>
        <line num="412" type="method" name="doesBucketExist" visibility="public" complexity="2" crap="6" count="0"/>
        <line num="415" type="stmt" count="0"/>
        <line num="416" type="stmt" count="0"/>
        <line num="417" type="stmt" count="0"/>
        <line num="418" type="stmt" count="0"/>
        <line num="419" type="stmt" count="0"/>
        <line num="423" type="method" name="doesObjectExist" visibility="public" complexity="2" crap="6" count="0"/>
        <line num="426" type="stmt" count="0"/>
        <line num="427" type="stmt" count="0"/>
        <line num="428" type="stmt" count="0"/>
        <line num="429" type="stmt" count="0"/>
        <line num="430" type="stmt" count="0"/>
        <line num="431" type="stmt" count="0"/>
        <line num="435" type="method" name="explodeKey" visibility="public" complexity="5" crap="30" count="0"/>
        <line num="437" type="stmt" count="0"/>
        <line num="440" type="stmt" count="0"/>
        <line num="441" type="stmt" count="0"/>
        <line num="442" type="stmt" count="0"/>
        <line num="443" type="stmt" count="0"/>
        <line num="444" type="stmt" count="0"/>
        <line num="446" type="stmt" count="0"/>
        <line num="450" type="method" name="handleSignature" visibility="public" complexity="1" crap="1" count="1"/>
        <line num="452" type="stmt" count="1"/>
        <line num="453" type="stmt" count="1"/>
        <line num="456" type="method" name="handleErrors" visibility="public" complexity="1" crap="1" count="1"/>
        <line num="458" type="stmt" count="1"/>
        <line num="459" type="stmt" count="1"/>
        <metrics loc="461" ncloc="372" classes="1" methods="24" coveredmethods="4" conditionals="0" coveredconditionals="0" statements="212" coveredstatements="81" elements="236" coveredelements="85"/>
      </file>
      <file name="/Users/tuuna/Git/tuuna-php/src/Qcloud/Cos/CommandToRequestTransformer.php">
        <class name="Qcloud\Cos\CommandToRequestTransformer" namespace="Qcloud\Cos">
          <metrics complexity="63" methods="11" coveredmethods="2" conditionals="0" coveredconditionals="0" statements="136" coveredstatements="74" elements="147" coveredelements="76"/>
        </class>
        <line num="14" type="method" name="__construct" visibility="public" complexity="1" crap="1" count="1"/>
        <line num="15" type="stmt" count="1"/>
        <line num="16" type="stmt" count="1"/>
        <line num="17" type="stmt" count="1"/>
        <line num="21" type="method" name="bucketStyleTransformer" visibility="public" complexity="26" crap="60.95" count="1"/>
        <line num="22" type="stmt" count="1"/>
        <line num="23" type="stmt" count="1"/>
        <line num="24" type="stmt" count="0"/>
        <line num="26" type="stmt" count="0"/>
        <line num="27" type="stmt" count="0"/>
        <line num="29" type="stmt" count="0"/>
        <line num="30" type="stmt" count="0"/>
        <line num="32" type="stmt" count="0"/>
        <line num="33" type="stmt" count="0"/>
        <line num="34" type="stmt" count="0"/>
        <line num="35" type="stmt" count="0"/>
        <line num="38" type="stmt" count="0"/>
        <line num="40" type="stmt" count="1"/>
        <line num="41" type="stmt" count="1"/>
        <line num="43" type="stmt" count="1"/>
        <line num="44" type="stmt" count="1"/>
        <line num="45" type="stmt" count="0"/>
        <line num="47" type="stmt" count="1"/>
        <line num="48" type="stmt" count="1"/>
        <line num="50" type="stmt" count="1"/>
        <line num="51" type="stmt" count="1"/>
        <line num="55" type="stmt" count="1"/>
        <line num="56" type="stmt" count="1"/>
        <line num="57" type="stmt" count="1"/>
        <line num="60" type="stmt" count="1"/>
        <line num="61" type="stmt" count="0"/>
        <line num="65" type="stmt" count="1"/>
        <line num="66" type="stmt" count="1"/>
        <line num="69" type="stmt" count="1"/>
        <line num="70" type="stmt" count="1"/>
        <line num="71" type="stmt" count="1"/>
        <line num="72" type="stmt" count="0"/>
        <line num="75" type="stmt" count="1"/>
        <line num="76" type="stmt" count="0"/>
        <line num="77" type="stmt" count="1"/>
        <line num="80" type="stmt" count="1"/>
        <line num="81" type="stmt" count="0"/>
        <line num="83" type="stmt" count="1"/>
        <line num="84" type="stmt" count="1"/>
        <line num="85" type="stmt" count="0"/>
        <line num="86" type="stmt" count="0"/>
        <line num="87" type="stmt" count="0"/>
        <line num="91" type="stmt" count="1"/>
        <line num="92" type="stmt" count="1"/>
        <line num="93" type="stmt" count="1"/>
        <line num="94" type="stmt" count="1"/>
        <line num="95" type="stmt" count="0"/>
        <line num="97" type="stmt" count="1"/>
        <line num="98" type="stmt" count="1"/>
        <line num="99" type="stmt" count="1"/>
        <line num="100" type="stmt" count="1"/>
        <line num="105" type="method" name="uploadBodyTransformer" visibility="public" complexity="7" crap="25.85" count="1"/>
        <line num="107" type="stmt" count="1"/>
        <line num="108" type="stmt" count="1"/>
        <line num="109" type="stmt" count="1"/>
        <line num="111" type="stmt" count="0"/>
        <line num="112" type="stmt" count="0"/>
        <line num="114" type="stmt" count="0"/>
        <line num="115" type="stmt" count="0"/>
        <line num="118" type="stmt" count="0"/>
        <line num="119" type="stmt" count="0"/>
        <line num="121" type="stmt" count="0"/>
        <line num="122" type="stmt" count="0"/>
        <line num="128" type="method" name="md5Transformer" visibility="public" complexity="5" crap="7.19" count="1"/>
        <line num="129" type="stmt" count="1"/>
        <line num="130" type="stmt" count="1"/>
        <line num="131" type="stmt" count="0"/>
        <line num="133" type="stmt" count="1"/>
        <line num="134" type="stmt" count="1"/>
        <line num="135" type="stmt" count="0"/>
        <line num="136" type="stmt" count="0"/>
        <line num="137" type="stmt" count="0"/>
        <line num="141" type="stmt" count="1"/>
        <line num="146" type="method" name="queryStringTransformer" visibility="public" complexity="3" crap="5.67" count="1"/>
        <line num="147" type="stmt" count="1"/>
        <line num="148" type="stmt" count="1"/>
        <line num="149" type="stmt" count="0"/>
        <line num="150" type="stmt" count="0"/>
        <line num="151" type="stmt" count="0"/>
        <line num="152" type="stmt" count="0"/>
        <line num="153" type="stmt" count="0"/>
        <line num="154" type="stmt" count="0"/>
        <line num="158" type="stmt" count="1"/>
        <line num="163" type="method" name="metadataTransformer" visibility="public" complexity="3" crap="3.71" count="1"/>
        <line num="164" type="stmt" count="1"/>
        <line num="165" type="stmt" count="1"/>
        <line num="166" type="stmt" count="0"/>
        <line num="167" type="stmt" count="0"/>
        <line num="168" type="stmt" count="0"/>
        <line num="171" type="stmt" count="1"/>
        <line num="173" type="stmt" count="1"/>
        <line num="178" type="method" name="addMd5" visibility="private" complexity="3" crap="12" count="0"/>
        <line num="179" type="stmt" count="0"/>
        <line num="180" type="stmt" count="0"/>
        <line num="181" type="stmt" count="0"/>
        <line num="182" type="stmt" count="0"/>
        <line num="184" type="stmt" count="0"/>
        <line num="189" type="method" name="specialParamTransformer" visibility="public" complexity="2" crap="2.98" count="1"/>
        <line num="190" type="stmt" count="1"/>
        <line num="191" type="stmt" count="1"/>
        <line num="192" type="stmt" count="0"/>
        <line num="193" type="stmt" count="0"/>
        <line num="194" type="stmt" count="0"/>
        <line num="195" type="stmt" count="0"/>
        <line num="196" type="stmt" count="0"/>
        <line num="198" type="stmt" count="1"/>
        <line num="201" type="method" name="ciParamTransformer" visibility="public" complexity="5" crap="14.62" count="1"/>
        <line num="202" type="stmt" count="1"/>
        <line num="203" type="stmt" count="1"/>
        <line num="204" type="stmt" count="0"/>
        <line num="205" type="stmt" count="0"/>
        <line num="206" type="stmt" count="0"/>
        <line num="207" type="stmt" count="0"/>
        <line num="208" type="stmt" count="0"/>
        <line num="210" type="stmt" count="0"/>
        <line num="212" type="stmt" count="0"/>
        <line num="213" type="stmt" count="0"/>
        <line num="216" type="stmt" count="1"/>
        <line num="219" type="method" name="cosDomain2CiTransformer" visibility="public" complexity="7" crap="7.34" count="1"/>
        <line num="220" type="stmt" count="1"/>
        <line num="221" type="stmt" count="1"/>
        <line num="222" type="stmt" count="1"/>
        <line num="223" type="stmt" count="1"/>
        <line num="224" type="stmt" count="1"/>
        <line num="225" type="stmt" count="0"/>
        <line num="227" type="stmt" count="1"/>
        <line num="228" type="stmt" count="1"/>
        <line num="229" type="stmt" count="1"/>
        <line num="230" type="stmt" count="1"/>
        <line num="231" type="stmt" count="1"/>
        <line num="232" type="stmt" count="0"/>
        <line num="233" type="stmt" count="0"/>
        <line num="234" type="stmt" count="0"/>
        <line num="237" type="stmt" count="1"/>
        <line num="238" type="stmt" count="1"/>
        <line num="239" type="stmt" count="1"/>
        <line num="240" type="stmt" count="1"/>
        <line num="241" type="stmt" count="1"/>
        <line num="242" type="stmt" count="1"/>
        <line num="244" type="stmt" count="1"/>
        <line num="247" type="method" name="__destruct" visibility="public" complexity="1" crap="1" count="1"/>
        <line num="248" type="stmt" count="1"/>
        <metrics loc="250" ncloc="226" classes="1" methods="11" coveredmethods="2" conditionals="0" coveredconditionals="0" statements="136" coveredstatements="74" elements="147" coveredelements="76"/>
      </file>
      <file name="/Users/tuuna/Git/tuuna-php/src/Qcloud/Cos/Copy.php">
        <class name="Qcloud\Cos\Copy" namespace="Qcloud\Cos">
          <metrics complexity="17" methods="5" coveredmethods="0" conditionals="0" coveredconditionals="0" statements="100" coveredstatements="0" elements="105" coveredelements="0"/>
        </class>
        <line num="22" type="method" name="__construct" visibility="public" complexity="3" crap="12" count="0"/>
        <line num="23" type="stmt" count="0"/>
        <line num="24" type="stmt" count="0"/>
        <line num="25" type="stmt" count="0"/>
        <line num="26" type="stmt" count="0"/>
        <line num="27" type="stmt" count="0"/>
        <line num="28" type="stmt" count="0"/>
        <line num="29" type="stmt" count="0"/>
        <line num="30" type="stmt" count="0"/>
        <line num="31" type="stmt" count="0"/>
        <line num="32" type="stmt" count="0"/>
        <line num="33" type="stmt" count="0"/>
        <line num="34" type="method" name="copy" visibility="public" complexity="4" crap="20" count="0"/>
        <line num="35" type="stmt" count="0"/>
        <line num="36" type="stmt" count="0"/>
        <line num="37" type="stmt" count="0"/>
        <line num="38" type="stmt" count="0"/>
        <line num="39" type="stmt" count="0"/>
        <line num="40" type="stmt" count="0"/>
        <line num="41" type="stmt" count="0"/>
        <line num="42" type="stmt" count="0"/>
        <line num="43" type="stmt" count="0"/>
        <line num="44" type="stmt" count="0"/>
        <line num="45" type="stmt" count="0"/>
        <line num="46" type="stmt" count="0"/>
        <line num="47" type="stmt" count="0"/>
        <line num="48" type="stmt" count="0"/>
        <line num="49" type="stmt" count="0"/>
        <line num="50" type="stmt" count="0"/>
        <line num="51" type="stmt" count="0"/>
        <line num="52" type="stmt" count="0"/>
        <line num="53" type="stmt" count="0"/>
        <line num="55" type="stmt" count="0"/>
        <line num="56" type="method" name="uploadParts" visibility="public" complexity="8" crap="72" count="0"/>
        <line num="58" type="stmt" count="0"/>
        <line num="59" type="stmt" count="0"/>
        <line num="60" type="stmt" count="0"/>
        <line num="61" type="stmt" count="0"/>
        <line num="62" type="stmt" count="0"/>
        <line num="63" type="stmt" count="0"/>
        <line num="64" type="stmt" count="0"/>
        <line num="65" type="stmt" count="0"/>
        <line num="66" type="stmt" count="0"/>
        <line num="67" type="stmt" count="0"/>
        <line num="68" type="stmt" count="0"/>
        <line num="69" type="stmt" count="0"/>
        <line num="70" type="stmt" count="0"/>
        <line num="71" type="stmt" count="0"/>
        <line num="72" type="stmt" count="0"/>
        <line num="73" type="stmt" count="0"/>
        <line num="74" type="stmt" count="0"/>
        <line num="75" type="stmt" count="0"/>
        <line num="76" type="stmt" count="0"/>
        <line num="77" type="stmt" count="0"/>
        <line num="78" type="stmt" count="0"/>
        <line num="79" type="stmt" count="0"/>
        <line num="80" type="stmt" count="0"/>
        <line num="81" type="stmt" count="0"/>
        <line num="82" type="stmt" count="0"/>
        <line num="83" type="stmt" count="0"/>
        <line num="84" type="stmt" count="0"/>
        <line num="85" type="stmt" count="0"/>
        <line num="86" type="stmt" count="0"/>
        <line num="87" type="stmt" count="0"/>
        <line num="88" type="stmt" count="0"/>
        <line num="89" type="stmt" count="0"/>
        <line num="90" type="stmt" count="0"/>
        <line num="91" type="stmt" count="0"/>
        <line num="92" type="stmt" count="0"/>
        <line num="93" type="stmt" count="0"/>
        <line num="95" type="stmt" count="0"/>
        <line num="96" type="stmt" count="0"/>
        <line num="97" type="stmt" count="0"/>
        <line num="98" type="stmt" count="0"/>
        <line num="99" type="stmt" count="0"/>
        <line num="102" type="stmt" count="0"/>
        <line num="103" type="stmt" count="0"/>
        <line num="104" type="stmt" count="0"/>
        <line num="105" type="stmt" count="0"/>
        <line num="106" type="stmt" count="0"/>
        <line num="107" type="stmt" count="0"/>
        <line num="108" type="stmt" count="0"/>
        <line num="109" type="stmt" count="0"/>
        <line num="110" type="stmt" count="0"/>
        <line num="111" type="stmt" count="0"/>
        <line num="112" type="stmt" count="0"/>
        <line num="113" type="stmt" count="0"/>
        <line num="114" type="stmt" count="0"/>
        <line num="115" type="stmt" count="0"/>
        <line num="116" type="stmt" count="0"/>
        <line num="119" type="stmt" count="0"/>
        <line num="122" type="stmt" count="0"/>
        <line num="123" type="stmt" count="0"/>
        <line num="126" type="method" name="calculatePartSize" visibility="private" complexity="1" crap="2" count="0"/>
        <line num="127" type="stmt" count="0"/>
        <line num="128" type="stmt" count="0"/>
        <line num="129" type="stmt" count="0"/>
        <line num="130" type="stmt" count="0"/>
        <line num="131" type="stmt" count="0"/>
        <line num="132" type="stmt" count="0"/>
        <line num="133" type="stmt" count="0"/>
        <line num="135" type="method" name="initiateMultipartUpload" visibility="private" complexity="1" crap="2" count="0"/>
        <line num="136" type="stmt" count="0"/>
        <line num="137" type="stmt" count="0"/>
        <line num="138" type="stmt" count="0"/>
        <metrics loc="140" ncloc="136" classes="1" methods="5" coveredmethods="0" conditionals="0" coveredconditionals="0" statements="100" coveredstatements="0" elements="105" coveredelements="0"/>
      </file>
      <file name="/Users/tuuna/Git/tuuna-php/src/Qcloud/Cos/Descriptions.php">
        <class name="Qcloud\Cos\Descriptions" namespace="Qcloud\Cos" fullPackage="Qcloud" package="Qcloud">
          <metrics complexity="2" methods="2" coveredmethods="2" conditionals="0" coveredconditionals="0" statements="2" coveredstatements="2" elements="4" coveredelements="4"/>
        </class>
        <line num="12" type="method" name="CreateMediaTranscodeJobs" visibility="public" complexity="1" crap="1" count="1"/>
        <line num="14" type="stmt" count="1"/>
        <line num="185" type="method" name="CreateMediaTranscodeJobsOutput" visibility="public" complexity="1" crap="1" count="1"/>
        <line num="187" type="stmt" count="1"/>
        <metrics loc="213" ncloc="207" classes="1" methods="2" coveredmethods="2" conditionals="0" coveredconditionals="0" statements="2" coveredstatements="2" elements="4" coveredelements="4"/>
      </file>
      <file name="/Users/tuuna/Git/tuuna-php/src/Qcloud/Cos/ExceptionMiddleware.php">
        <class name="Qcloud\Cos\ExceptionMiddleware" namespace="Qcloud\Cos">
          <metrics complexity="8" methods="4" coveredmethods="3" conditionals="0" coveredconditionals="0" statements="25" coveredstatements="24" elements="29" coveredelements="27"/>
        </class>
        <line num="19" type="method" name="__construct" visibility="public" complexity="1" crap="1" count="1"/>
        <line num="20" type="stmt" count="1"/>
        <line num="21" type="stmt" count="1"/>
        <line num="22" type="stmt" count="1"/>
        <line num="23" type="stmt" count="1"/>
        <line num="31" type="method" name="__invoke" visibility="public" complexity="1" crap="1" count="1"/>
        <line num="32" type="stmt" count="1"/>
        <line num="33" type="stmt" count="1"/>
        <line num="35" type="stmt" count="1"/>
        <line num="36" type="stmt" count="1"/>
        <line num="40" type="method" name="handle" visibility="public" complexity="4" crap="4.02" count="1"/>
        <line num="41" type="stmt" count="1"/>
        <line num="42" type="stmt" count="1"/>
        <line num="43" type="stmt" count="0"/>
        <line num="47" type="stmt" count="1"/>
        <line num="49" type="stmt" count="1"/>
        <line num="50" type="stmt" count="1"/>
        <line num="51" type="stmt" count="1"/>
        <line num="54" type="stmt" count="1"/>
        <line num="56" type="stmt" count="1"/>
        <line num="59" type="method" name="createException" visibility="protected" complexity="2" crap="2" count="1"/>
        <line num="60" type="stmt" count="1"/>
        <line num="62" type="stmt" count="1"/>
        <line num="63" type="stmt" count="1"/>
        <line num="64" type="stmt" count="1"/>
        <line num="65" type="stmt" count="1"/>
        <line num="66" type="stmt" count="1"/>
        <line num="67" type="stmt" count="1"/>
        <line num="69" type="stmt" count="1"/>
        <metrics loc="71" ncloc="60" classes="1" methods="4" coveredmethods="3" conditionals="0" coveredconditionals="0" statements="25" coveredstatements="24" elements="29" coveredelements="27"/>
      </file>
      <file name="/Users/tuuna/Git/tuuna-php/src/Qcloud/Cos/ExceptionParser.php">
        <class name="Qcloud\Cos\ExceptionParser" namespace="Qcloud\Cos">
          <metrics complexity="18" methods="3" coveredmethods="0" conditionals="0" coveredconditionals="0" statements="48" coveredstatements="19" elements="51" coveredelements="19"/>
        </class>
        <line num="13" type="method" name="parse" visibility="public" complexity="3" crap="4.12" count="1"/>
        <line num="15" type="stmt" count="1"/>
        <line num="23" type="stmt" count="1"/>
        <line num="25" type="stmt" count="1"/>
        <line num="26" type="stmt" count="0"/>
        <line num="27" type="stmt" count="0"/>
        <line num="31" type="stmt" count="1"/>
        <line num="32" type="stmt" count="1"/>
        <line num="33" type="stmt" count="1"/>
        <line num="34" type="stmt" count="0"/>
        <line num="35" type="stmt" count="0"/>
        <line num="36" type="stmt" count="0"/>
        <line num="37" type="stmt" count="0"/>
        <line num="48" type="method" name="parseHeaders" visibility="protected" complexity="9" crap="90" count="0"/>
        <line num="49" type="stmt" count="0"/>
        <line num="50" type="stmt" count="0"/>
        <line num="51" type="stmt" count="0"/>
        <line num="52" type="stmt" count="0"/>
        <line num="53" type="stmt" count="0"/>
        <line num="54" type="stmt" count="0"/>
        <line num="58" type="stmt" count="0"/>
        <line num="59" type="stmt" count="0"/>
        <line num="62" type="stmt" count="0"/>
        <line num="63" type="stmt" count="0"/>
        <line num="64" type="stmt" count="0"/>
        <line num="65" type="stmt" count="0"/>
        <line num="66" type="stmt" count="0"/>
        <line num="67" type="stmt" count="0"/>
        <line num="68" type="stmt" count="0"/>
        <line num="70" type="stmt" count="0"/>
        <line num="71" type="stmt" count="0"/>
        <line num="72" type="stmt" count="0"/>
        <line num="73" type="stmt" count="0"/>
        <line num="76" type="stmt" count="0"/>
        <line num="84" type="method" name="parseBody" visibility="protected" complexity="6" crap="6.24" count="1"/>
        <line num="85" type="stmt" count="1"/>
        <line num="87" type="stmt" count="1"/>
        <line num="88" type="stmt" count="1"/>
        <line num="90" type="stmt" count="0"/>
        <line num="91" type="stmt" count="0"/>
        <line num="93" type="stmt" count="1"/>
        <line num="96" type="stmt" count="1"/>
        <line num="97" type="stmt" count="1"/>
        <line num="100" type="stmt" count="1"/>
        <line num="101" type="stmt" count="1"/>
        <line num="104" type="stmt" count="1"/>
        <line num="105" type="stmt" count="1"/>
        <line num="106" type="stmt" count="0"/>
        <line num="108" type="stmt" count="1"/>
        <line num="109" type="stmt" count="1"/>
        <line num="111" type="stmt" count="1"/>
        <metrics loc="112" ncloc="88" classes="1" methods="3" coveredmethods="0" conditionals="0" coveredconditionals="0" statements="48" coveredstatements="19" elements="51" coveredelements="19"/>
      </file>
      <file name="/Users/tuuna/Git/tuuna-php/src/Qcloud/Cos/MultipartUpload.php">
        <class name="Qcloud\Cos\MultipartUpload" namespace="Qcloud\Cos">
          <metrics complexity="21" methods="6" coveredmethods="0" conditionals="0" coveredconditionals="0" statements="121" coveredstatements="0" elements="127" coveredelements="0"/>
        </class>
        <line num="22" type="method" name="__construct" visibility="public" complexity="5" crap="30" count="0"/>
        <line num="23" type="stmt" count="0"/>
        <line num="24" type="stmt" count="0"/>
        <line num="25" type="stmt" count="0"/>
        <line num="26" type="stmt" count="0"/>
        <line num="27" type="stmt" count="0"/>
        <line num="28" type="stmt" count="0"/>
        <line num="29" type="stmt" count="0"/>
        <line num="31" type="stmt" count="0"/>
        <line num="32" type="stmt" count="0"/>
        <line num="33" type="stmt" count="0"/>
        <line num="34" type="stmt" count="0"/>
        <line num="35" type="stmt" count="0"/>
        <line num="36" type="stmt" count="0"/>
        <line num="37" type="stmt" count="0"/>
        <line num="38" type="method" name="performUploading" visibility="public" complexity="2" crap="6" count="0"/>
        <line num="39" type="stmt" count="0"/>
        <line num="40" type="stmt" count="0"/>
        <line num="41" type="stmt" count="0"/>
        <line num="42" type="stmt" count="0"/>
        <line num="43" type="stmt" count="0"/>
        <line num="44" type="stmt" count="0"/>
        <line num="45" type="stmt" count="0"/>
        <line num="46" type="stmt" count="0"/>
        <line num="47" type="stmt" count="0"/>
        <line num="48" type="stmt" count="0"/>
        <line num="49" type="stmt" count="0"/>
        <line num="50" type="stmt" count="0"/>
        <line num="51" type="stmt" count="0"/>
        <line num="53" type="stmt" count="0"/>
        <line num="54" type="method" name="uploadParts" visibility="public" complexity="8" crap="72" count="0"/>
        <line num="56" type="stmt" count="0"/>
        <line num="57" type="stmt" count="0"/>
        <line num="58" type="stmt" count="0"/>
        <line num="59" type="stmt" count="0"/>
        <line num="60" type="stmt" count="0"/>
        <line num="61" type="stmt" count="0"/>
        <line num="62" type="stmt" count="0"/>
        <line num="63" type="stmt" count="0"/>
        <line num="64" type="stmt" count="0"/>
        <line num="65" type="stmt" count="0"/>
        <line num="66" type="stmt" count="0"/>
        <line num="67" type="stmt" count="0"/>
        <line num="68" type="stmt" count="0"/>
        <line num="69" type="stmt" count="0"/>
        <line num="70" type="stmt" count="0"/>
        <line num="71" type="stmt" count="0"/>
        <line num="72" type="stmt" count="0"/>
        <line num="73" type="stmt" count="0"/>
        <line num="74" type="stmt" count="0"/>
        <line num="75" type="stmt" count="0"/>
        <line num="76" type="stmt" count="0"/>
        <line num="77" type="stmt" count="0"/>
        <line num="78" type="stmt" count="0"/>
        <line num="79" type="stmt" count="0"/>
        <line num="80" type="stmt" count="0"/>
        <line num="81" type="stmt" count="0"/>
        <line num="82" type="stmt" count="0"/>
        <line num="83" type="stmt" count="0"/>
        <line num="84" type="stmt" count="0"/>
        <line num="85" type="stmt" count="0"/>
        <line num="86" type="stmt" count="0"/>
        <line num="87" type="stmt" count="0"/>
        <line num="88" type="stmt" count="0"/>
        <line num="89" type="stmt" count="0"/>
        <line num="90" type="stmt" count="0"/>
        <line num="91" type="stmt" count="0"/>
        <line num="92" type="stmt" count="0"/>
        <line num="93" type="stmt" count="0"/>
        <line num="94" type="stmt" count="0"/>
        <line num="95" type="stmt" count="0"/>
        <line num="96" type="stmt" count="0"/>
        <line num="97" type="stmt" count="0"/>
        <line num="98" type="stmt" count="0"/>
        <line num="100" type="stmt" count="0"/>
        <line num="101" type="stmt" count="0"/>
        <line num="102" type="stmt" count="0"/>
        <line num="103" type="stmt" count="0"/>
        <line num="104" type="stmt" count="0"/>
        <line num="105" type="stmt" count="0"/>
        <line num="106" type="stmt" count="0"/>
        <line num="107" type="stmt" count="0"/>
        <line num="108" type="stmt" count="0"/>
        <line num="111" type="stmt" count="0"/>
        <line num="112" type="stmt" count="0"/>
        <line num="113" type="stmt" count="0"/>
        <line num="114" type="stmt" count="0"/>
        <line num="115" type="stmt" count="0"/>
        <line num="116" type="stmt" count="0"/>
        <line num="117" type="stmt" count="0"/>
        <line num="119" type="method" name="resumeUploading" visibility="public" complexity="4" crap="20" count="0"/>
        <line num="120" type="stmt" count="0"/>
        <line num="121" type="stmt" count="0"/>
        <line num="122" type="stmt" count="0"/>
        <line num="123" type="stmt" count="0"/>
        <line num="124" type="stmt" count="0"/>
        <line num="125" type="stmt" count="0"/>
        <line num="126" type="stmt" count="0"/>
        <line num="127" type="stmt" count="0"/>
        <line num="128" type="stmt" count="0"/>
        <line num="129" type="stmt" count="0"/>
        <line num="130" type="stmt" count="0"/>
        <line num="131" type="stmt" count="0"/>
        <line num="132" type="stmt" count="0"/>
        <line num="133" type="stmt" count="0"/>
        <line num="134" type="stmt" count="0"/>
        <line num="135" type="stmt" count="0"/>
        <line num="136" type="stmt" count="0"/>
        <line num="137" type="stmt" count="0"/>
        <line num="138" type="stmt" count="0"/>
        <line num="139" type="stmt" count="0"/>
        <line num="140" type="stmt" count="0"/>
        <line num="141" type="stmt" count="0"/>
        <line num="142" type="stmt" count="0"/>
        <line num="143" type="stmt" count="0"/>
        <line num="145" type="method" name="calculatePartSize" visibility="private" complexity="1" crap="2" count="0"/>
        <line num="146" type="stmt" count="0"/>
        <line num="147" type="stmt" count="0"/>
        <line num="148" type="stmt" count="0"/>
        <line num="149" type="stmt" count="0"/>
        <line num="150" type="stmt" count="0"/>
        <line num="151" type="stmt" count="0"/>
        <line num="152" type="stmt" count="0"/>
        <line num="154" type="method" name="initiateMultipartUpload" visibility="private" complexity="1" crap="2" count="0"/>
        <line num="155" type="stmt" count="0"/>
        <line num="156" type="stmt" count="0"/>
        <line num="157" type="stmt" count="0"/>
        <metrics loc="159" ncloc="159" classes="1" methods="6" coveredmethods="0" conditionals="0" coveredconditionals="0" statements="121" coveredstatements="0" elements="127" coveredelements="0"/>
      </file>
      <file name="/Users/tuuna/Git/tuuna-php/src/Qcloud/Cos/RangeDownload.php">
        <class name="Qcloud\Cos\RangeDownload" namespace="Qcloud\Cos">
          <metrics complexity="26" methods="3" coveredmethods="0" conditionals="0" coveredconditionals="0" statements="115" coveredstatements="0" elements="118" coveredelements="0"/>
        </class>
        <line num="18" type="method" name="__construct" visibility="public" complexity="7" crap="56" count="0"/>
        <line num="19" type="stmt" count="0"/>
        <line num="20" type="stmt" count="0"/>
        <line num="21" type="stmt" count="0"/>
        <line num="22" type="stmt" count="0"/>
        <line num="24" type="stmt" count="0"/>
        <line num="25" type="stmt" count="0"/>
        <line num="26" type="stmt" count="0"/>
        <line num="27" type="stmt" count="0"/>
        <line num="28" type="stmt" count="0"/>
        <line num="29" type="stmt" count="0"/>
        <line num="30" type="stmt" count="0"/>
        <line num="31" type="stmt" count="0"/>
        <line num="32" type="stmt" count="0"/>
        <line num="33" type="stmt" count="0"/>
        <line num="34" type="stmt" count="0"/>
        <line num="35" type="stmt" count="0"/>
        <line num="36" type="stmt" count="0"/>
        <line num="38" type="method" name="performdownloading" visibility="public" complexity="12" crap="156" count="0"/>
        <line num="39" type="stmt" count="0"/>
        <line num="40" type="stmt" count="0"/>
        <line num="41" type="stmt" count="0"/>
        <line num="42" type="stmt" count="0"/>
        <line num="43" type="stmt" count="0"/>
        <line num="44" type="stmt" count="0"/>
        <line num="45" type="stmt" count="0"/>
        <line num="46" type="stmt" count="0"/>
        <line num="47" type="stmt" count="0"/>
        <line num="48" type="stmt" count="0"/>
        <line num="49" type="stmt" count="0"/>
        <line num="50" type="stmt" count="0"/>
        <line num="51" type="stmt" count="0"/>
        <line num="52" type="stmt" count="0"/>
        <line num="53" type="stmt" count="0"/>
        <line num="54" type="stmt" count="0"/>
        <line num="55" type="stmt" count="0"/>
        <line num="56" type="stmt" count="0"/>
        <line num="57" type="stmt" count="0"/>
        <line num="58" type="stmt" count="0"/>
        <line num="59" type="stmt" count="0"/>
        <line num="60" type="stmt" count="0"/>
        <line num="61" type="stmt" count="0"/>
        <line num="62" type="stmt" count="0"/>
        <line num="63" type="stmt" count="0"/>
        <line num="64" type="stmt" count="0"/>
        <line num="65" type="stmt" count="0"/>
        <line num="66" type="stmt" count="0"/>
        <line num="67" type="stmt" count="0"/>
        <line num="68" type="stmt" count="0"/>
        <line num="69" type="stmt" count="0"/>
        <line num="70" type="stmt" count="0"/>
        <line num="71" type="stmt" count="0"/>
        <line num="72" type="stmt" count="0"/>
        <line num="73" type="stmt" count="0"/>
        <line num="74" type="stmt" count="0"/>
        <line num="75" type="stmt" count="0"/>
        <line num="76" type="stmt" count="0"/>
        <line num="77" type="stmt" count="0"/>
        <line num="78" type="stmt" count="0"/>
        <line num="80" type="method" name="donwloadParts" visibility="public" complexity="7" crap="56" count="0"/>
        <line num="82" type="stmt" count="0"/>
        <line num="83" type="stmt" count="0"/>
        <line num="84" type="stmt" count="0"/>
        <line num="85" type="stmt" count="0"/>
        <line num="86" type="stmt" count="0"/>
        <line num="87" type="stmt" count="0"/>
        <line num="88" type="stmt" count="0"/>
        <line num="89" type="stmt" count="0"/>
        <line num="90" type="stmt" count="0"/>
        <line num="91" type="stmt" count="0"/>
        <line num="92" type="stmt" count="0"/>
        <line num="93" type="stmt" count="0"/>
        <line num="94" type="stmt" count="0"/>
        <line num="95" type="stmt" count="0"/>
        <line num="96" type="stmt" count="0"/>
        <line num="97" type="stmt" count="0"/>
        <line num="98" type="stmt" count="0"/>
        <line num="99" type="stmt" count="0"/>
        <line num="100" type="stmt" count="0"/>
        <line num="101" type="stmt" count="0"/>
        <line num="102" type="stmt" count="0"/>
        <line num="103" type="stmt" count="0"/>
        <line num="104" type="stmt" count="0"/>
        <line num="105" type="stmt" count="0"/>
        <line num="106" type="stmt" count="0"/>
        <line num="107" type="stmt" count="0"/>
        <line num="108" type="stmt" count="0"/>
        <line num="109" type="stmt" count="0"/>
        <line num="110" type="stmt" count="0"/>
        <line num="111" type="stmt" count="0"/>
        <line num="113" type="stmt" count="0"/>
        <line num="114" type="stmt" count="0"/>
        <line num="116" type="stmt" count="0"/>
        <line num="117" type="stmt" count="0"/>
        <line num="119" type="stmt" count="0"/>
        <line num="120" type="stmt" count="0"/>
        <line num="121" type="stmt" count="0"/>
        <line num="122" type="stmt" count="0"/>
        <line num="123" type="stmt" count="0"/>
        <line num="124" type="stmt" count="0"/>
        <line num="125" type="stmt" count="0"/>
        <line num="126" type="stmt" count="0"/>
        <line num="127" type="stmt" count="0"/>
        <line num="128" type="stmt" count="0"/>
        <line num="129" type="stmt" count="0"/>
        <line num="130" type="stmt" count="0"/>
        <line num="131" type="stmt" count="0"/>
        <line num="132" type="stmt" count="0"/>
        <line num="133" type="stmt" count="0"/>
        <line num="134" type="stmt" count="0"/>
        <line num="135" type="stmt" count="0"/>
        <line num="136" type="stmt" count="0"/>
        <line num="138" type="stmt" count="0"/>
        <line num="139" type="stmt" count="0"/>
        <line num="140" type="stmt" count="0"/>
        <line num="141" type="stmt" count="0"/>
        <line num="142" type="stmt" count="0"/>
        <line num="143" type="stmt" count="0"/>
        <metrics loc="145" ncloc="145" classes="1" methods="3" coveredmethods="0" conditionals="0" coveredconditionals="0" statements="115" coveredstatements="0" elements="118" coveredelements="0"/>
      </file>
      <file name="/Users/tuuna/Git/tuuna-php/src/Qcloud/Cos/ResultTransformer.php">
        <class name="Qcloud\Cos\ResultTransformer" namespace="Qcloud\Cos">
          <metrics complexity="46" methods="9" coveredmethods="0" conditionals="0" coveredconditionals="0" statements="140" coveredstatements="0" elements="149" coveredelements="0"/>
        </class>
        <line num="14" type="method" name="__construct" visibility="public" complexity="1" crap="2" count="0"/>
        <line num="15" type="stmt" count="0"/>
        <line num="16" type="stmt" count="0"/>
        <line num="17" type="stmt" count="0"/>
        <line num="19" type="method" name="writeDataToLocal" visibility="public" complexity="4" crap="20" count="0"/>
        <line num="20" type="stmt" count="0"/>
        <line num="21" type="stmt" count="0"/>
        <line num="22" type="stmt" count="0"/>
        <line num="23" type="stmt" count="0"/>
        <line num="24" type="stmt" count="0"/>
        <line num="25" type="stmt" count="0"/>
        <line num="26" type="stmt" count="0"/>
        <line num="27" type="stmt" count="0"/>
        <line num="28" type="stmt" count="0"/>
        <line num="29" type="stmt" count="0"/>
        <line num="30" type="stmt" count="0"/>
        <line num="31" type="stmt" count="0"/>
        <line num="32" type="stmt" count="0"/>
        <line num="33" type="stmt" count="0"/>
        <line num="34" type="stmt" count="0"/>
        <line num="35" type="stmt" count="0"/>
        <line num="36" type="stmt" count="0"/>
        <line num="38" type="method" name="metaDataTransformer" visibility="public" complexity="4" crap="20" count="0"/>
        <line num="39" type="stmt" count="0"/>
        <line num="40" type="stmt" count="0"/>
        <line num="41" type="stmt" count="0"/>
        <line num="42" type="stmt" count="0"/>
        <line num="43" type="stmt" count="0"/>
        <line num="44" type="stmt" count="0"/>
        <line num="45" type="stmt" count="0"/>
        <line num="46" type="stmt" count="0"/>
        <line num="47" type="stmt" count="0"/>
        <line num="48" type="stmt" count="0"/>
        <line num="49" type="stmt" count="0"/>
        <line num="50" type="stmt" count="0"/>
        <line num="52" type="method" name="extraHeadersTransformer" visibility="public" complexity="5" crap="30" count="0"/>
        <line num="53" type="stmt" count="0"/>
        <line num="54" type="stmt" count="0"/>
        <line num="55" type="stmt" count="0"/>
        <line num="56" type="stmt" count="0"/>
        <line num="57" type="stmt" count="0"/>
        <line num="58" type="stmt" count="0"/>
        <line num="59" type="stmt" count="0"/>
        <line num="60" type="stmt" count="0"/>
        <line num="61" type="stmt" count="0"/>
        <line num="63" type="method" name="selectContentTransformer" visibility="public" complexity="2" crap="6" count="0"/>
        <line num="64" type="stmt" count="0"/>
        <line num="65" type="stmt" count="0"/>
        <line num="66" type="stmt" count="0"/>
        <line num="67" type="stmt" count="0"/>
        <line num="68" type="stmt" count="0"/>
        <line num="69" type="stmt" count="0"/>
        <line num="71" type="method" name="ciContentInfoTransformer" visibility="public" complexity="18" crap="342" count="0"/>
        <line num="72" type="stmt" count="0"/>
        <line num="73" type="stmt" count="0"/>
        <line num="74" type="stmt" count="0"/>
        <line num="75" type="stmt" count="0"/>
        <line num="76" type="stmt" count="0"/>
        <line num="77" type="stmt" count="0"/>
        <line num="78" type="stmt" count="0"/>
        <line num="80" type="stmt" count="0"/>
        <line num="81" type="stmt" count="0"/>
        <line num="82" type="stmt" count="0"/>
        <line num="83" type="stmt" count="0"/>
        <line num="84" type="stmt" count="0"/>
        <line num="85" type="stmt" count="0"/>
        <line num="86" type="stmt" count="0"/>
        <line num="87" type="stmt" count="0"/>
        <line num="88" type="stmt" count="0"/>
        <line num="89" type="stmt" count="0"/>
        <line num="90" type="stmt" count="0"/>
        <line num="91" type="stmt" count="0"/>
        <line num="92" type="stmt" count="0"/>
        <line num="93" type="stmt" count="0"/>
        <line num="94" type="stmt" count="0"/>
        <line num="95" type="stmt" count="0"/>
        <line num="97" type="stmt" count="0"/>
        <line num="98" type="stmt" count="0"/>
        <line num="99" type="stmt" count="0"/>
        <line num="100" type="stmt" count="0"/>
        <line num="101" type="stmt" count="0"/>
        <line num="102" type="stmt" count="0"/>
        <line num="103" type="stmt" count="0"/>
        <line num="104" type="stmt" count="0"/>
        <line num="105" type="stmt" count="0"/>
        <line num="107" type="stmt" count="0"/>
        <line num="108" type="stmt" count="0"/>
        <line num="109" type="stmt" count="0"/>
        <line num="110" type="stmt" count="0"/>
        <line num="111" type="stmt" count="0"/>
        <line num="112" type="stmt" count="0"/>
        <line num="113" type="stmt" count="0"/>
        <line num="114" type="stmt" count="0"/>
        <line num="115" type="stmt" count="0"/>
        <line num="117" type="stmt" count="0"/>
        <line num="118" type="stmt" count="0"/>
        <line num="120" type="method" name="geCiContentInfo" visibility="public" complexity="3" crap="12" count="0"/>
        <line num="121" type="stmt" count="0"/>
        <line num="122" type="stmt" count="0"/>
        <line num="123" type="stmt" count="0"/>
        <line num="124" type="stmt" count="0"/>
        <line num="125" type="stmt" count="0"/>
        <line num="126" type="stmt" count="0"/>
        <line num="127" type="stmt" count="0"/>
        <line num="128" type="stmt" count="0"/>
        <line num="129" type="stmt" count="0"/>
        <line num="130" type="stmt" count="0"/>
        <line num="131" type="stmt" count="0"/>
        <line num="133" type="method" name="getSelectContents" visibility="public" complexity="8" crap="72" count="0"/>
        <line num="134" type="stmt" count="0"/>
        <line num="135" type="stmt" count="0"/>
        <line num="136" type="stmt" count="0"/>
        <line num="137" type="stmt" count="0"/>
        <line num="138" type="stmt" count="0"/>
        <line num="139" type="stmt" count="0"/>
        <line num="140" type="stmt" count="0"/>
        <line num="141" type="stmt" count="0"/>
        <line num="142" type="stmt" count="0"/>
        <line num="143" type="stmt" count="0"/>
        <line num="144" type="stmt" count="0"/>
        <line num="145" type="stmt" count="0"/>
        <line num="146" type="stmt" count="0"/>
        <line num="147" type="stmt" count="0"/>
        <line num="148" type="stmt" count="0"/>
        <line num="150" type="stmt" count="0"/>
        <line num="152" type="stmt" count="0"/>
        <line num="153" type="stmt" count="0"/>
        <line num="154" type="stmt" count="0"/>
        <line num="155" type="stmt" count="0"/>
        <line num="156" type="stmt" count="0"/>
        <line num="157" type="stmt" count="0"/>
        <line num="158" type="stmt" count="0"/>
        <line num="159" type="stmt" count="0"/>
        <line num="160" type="stmt" count="0"/>
        <line num="161" type="stmt" count="0"/>
        <line num="162" type="stmt" count="0"/>
        <line num="163" type="stmt" count="0"/>
        <line num="164" type="stmt" count="0"/>
        <line num="165" type="stmt" count="0"/>
        <line num="166" type="stmt" count="0"/>
        <line num="167" type="stmt" count="0"/>
        <line num="168" type="stmt" count="0"/>
        <line num="169" type="stmt" count="0"/>
        <line num="170" type="stmt" count="0"/>
        <line num="171" type="stmt" count="0"/>
        <line num="172" type="stmt" count="0"/>
        <line num="173" type="stmt" count="0"/>
        <line num="174" type="method" name="__destruct" visibility="public" complexity="1" crap="2" count="0"/>
        <line num="175" type="stmt" count="0"/>
        <metrics loc="177" ncloc="177" classes="1" methods="9" coveredmethods="0" conditionals="0" coveredconditionals="0" statements="140" coveredstatements="0" elements="149" coveredelements="0"/>
      </file>
      <file name="/Users/tuuna/Git/tuuna-php/src/Qcloud/Cos/Serializer.php">
        <class name="Qcloud\Cos\Serializer" namespace="Qcloud\Cos">
          <metrics complexity="2" methods="2" coveredmethods="2" conditionals="0" coveredconditionals="0" statements="4" coveredstatements="4" elements="6" coveredelements="6"/>
        </class>
        <line num="18" type="method" name="__construct" visibility="public" complexity="1" crap="1" count="1"/>
        <line num="23" type="stmt" count="1"/>
        <line num="24" type="stmt" count="1"/>
        <line num="25" type="stmt" count="1"/>
        <line num="40" type="method" name="prepareRequest" visibility="protected" complexity="1" crap="1" count="1"/>
        <line num="79" type="stmt" count="1"/>
        <metrics loc="81" ncloc="24" classes="1" methods="2" coveredmethods="2" conditionals="0" coveredconditionals="0" statements="4" coveredstatements="4" elements="6" coveredelements="6"/>
      </file>
      <file name="/Users/tuuna/Git/tuuna-php/src/Qcloud/Cos/Service.php">
        <class name="Qcloud\Cos\Service" namespace="Qcloud\Cos">
          <metrics complexity="1" methods="1" coveredmethods="1" conditionals="0" coveredconditionals="0" statements="5" coveredstatements="5" elements="6" coveredelements="6"/>
        </class>
        <line num="7" type="method" name="getService" visibility="public" complexity="1" crap="1" count="1"/>
        <line num="9" type="stmt" count="1"/>
        <line num="10" type="stmt" count="1"/>
        <line num="11" type="stmt" count="1"/>
        <line num="3501" type="stmt" count="1"/>
        <line num="6476" type="stmt" count="1"/>
        <metrics loc="6480" ncloc="6318" classes="1" methods="1" coveredmethods="1" conditionals="0" coveredconditionals="0" statements="5" coveredstatements="5" elements="6" coveredelements="6"/>
      </file>
      <file name="/Users/tuuna/Git/tuuna-php/src/Qcloud/Cos/Signature.php">
        <class name="Qcloud\Cos\Signature" namespace="Qcloud\Cos">
          <metrics complexity="16" methods="6" coveredmethods="2" conditionals="0" coveredconditionals="0" statements="55" coveredstatements="39" elements="61" coveredelements="41"/>
        </class>
        <line num="13" type="method" name="__construct" visibility="public" complexity="1" crap="1" count="1"/>
        <line num="14" type="stmt" count="1"/>
        <line num="15" type="stmt" count="1"/>
        <line num="16" type="stmt" count="1"/>
        <line num="17" type="stmt" count="1"/>
        <line num="27" type="stmt" count="1"/>
        <line num="28" type="stmt" count="1"/>
        <line num="30" type="method" name="__destruct" visibility="public" complexity="1" crap="2" count="0"/>
        <line num="31" type="stmt" count="0"/>
        <line num="33" type="method" name="needCheckHeader" visibility="public" complexity="3" crap="3.07" count="1"/>
        <line num="34" type="stmt" count="1"/>
        <line num="35" type="stmt" count="0"/>
        <line num="37" type="stmt" count="1"/>
        <line num="38" type="stmt" count="1"/>
        <line num="40" type="stmt" count="1"/>
        <line num="43" type="method" name="signRequest" visibility="public" complexity="1" crap="1" count="1"/>
        <line num="44" type="stmt" count="1"/>
        <line num="45" type="stmt" count="1"/>
        <line num="48" type="method" name="createAuthorization" visibility="public" complexity="8" crap="8.56" count="1"/>
        <line num="49" type="stmt" count="1"/>
        <line num="50" type="stmt" count="0"/>
        <line num="52" type="stmt" count="1"/>
        <line num="53" type="stmt" count="1"/>
        <line num="54" type="stmt" count="1"/>
        <line num="55" type="stmt" count="1"/>
        <line num="56" type="stmt" count="0"/>
        <line num="57" type="stmt" count="0"/>
        <line num="58" type="stmt" count="0"/>
        <line num="59" type="stmt" count="0"/>
        <line num="61" type="stmt" count="0"/>
        <line num="63" type="stmt" count="0"/>
        <line num="66" type="stmt" count="1"/>
        <line num="67" type="stmt" count="1"/>
        <line num="68" type="stmt" count="1"/>
        <line num="70" type="stmt" count="1"/>
        <line num="71" type="stmt" count="1"/>
        <line num="72" type="stmt" count="1"/>
        <line num="73" type="stmt" count="1"/>
        <line num="74" type="stmt" count="1"/>
        <line num="75" type="stmt" count="1"/>
        <line num="78" type="stmt" count="1"/>
        <line num="79" type="stmt" count="1"/>
        <line num="80" type="stmt" count="1"/>
        <line num="81" type="stmt" count="1"/>
        <line num="82" type="stmt" count="1"/>
        <line num="83" type="stmt" count="1"/>
        <line num="84" type="stmt" count="1"/>
        <line num="85" type="stmt" count="1"/>
        <line num="86" type="stmt" count="1"/>
        <line num="87" type="stmt" count="1"/>
        <line num="88" type="stmt" count="1"/>
        <line num="89" type="stmt" count="1"/>
        <line num="90" type="stmt" count="1"/>
        <line num="93" type="method" name="createPresignedUrl" visibility="public" complexity="2" crap="6" count="0"/>
        <line num="94" type="stmt" count="0"/>
        <line num="95" type="stmt" count="0"/>
        <line num="96" type="stmt" count="0"/>
        <line num="97" type="stmt" count="0"/>
        <line num="98" type="stmt" count="0"/>
        <line num="100" type="stmt" count="0"/>
        <line num="101" type="stmt" count="0"/>
        <metrics loc="103" ncloc="99" classes="1" methods="6" coveredmethods="2" conditionals="0" coveredconditionals="0" statements="55" coveredstatements="39" elements="61" coveredelements="41"/>
      </file>
      <file name="/Users/tuuna/Git/tuuna-php/src/Qcloud/Cos/SignatureMiddleware.php">
        <class name="Qcloud\Cos\SignatureMiddleware" namespace="Qcloud\Cos">
          <metrics complexity="2" methods="2" coveredmethods="2" conditionals="0" coveredconditionals="0" statements="5" coveredstatements="5" elements="7" coveredelements="7"/>
        </class>
        <line num="14" type="method" name="__construct" visibility="public" complexity="1" crap="1" count="1"/>
        <line num="15" type="stmt" count="1"/>
        <line num="16" type="stmt" count="1"/>
        <line num="17" type="stmt" count="1"/>
        <line num="19" type="method" name="__invoke" visibility="public" complexity="1" crap="1" count="1"/>
        <line num="20" type="stmt" count="1"/>
        <line num="21" type="stmt" count="1"/>
        <metrics loc="23" ncloc="20" classes="1" methods="2" coveredmethods="2" conditionals="0" coveredconditionals="0" statements="5" coveredstatements="5" elements="7" coveredelements="7"/>
      </file>
    </package>
    <file name="/Users/tuuna/Git/tuuna-php/src/Qcloud/Cos/Common.php">
      <line num="6" type="stmt" count="1"/>
      <line num="18" type="stmt" count="1"/>
      <line num="19" type="stmt" count="0"/>
      <line num="21" type="stmt" count="1"/>
      <line num="25" type="stmt" count="0"/>
      <line num="29" type="stmt" count="0"/>
      <line num="30" type="stmt" count="0"/>
      <line num="31" type="stmt" count="0"/>
      <line num="33" type="stmt" count="0"/>
      <line num="37" type="stmt" count="1"/>
      <line num="38" type="stmt" count="1"/>
      <line num="39" type="stmt" count="0"/>
      <line num="41" type="stmt" count="1"/>
      <line num="46" type="stmt" count="1"/>
      <line num="49" type="stmt" count="1"/>
      <line num="50" type="stmt" count="1"/>
      <line num="51" type="stmt" count="0"/>
      <line num="54" type="stmt" count="1"/>
      <metrics loc="55" ncloc="55" classes="0" methods="0" coveredmethods="0" conditionals="0" coveredconditionals="0" statements="18" coveredstatements="10" elements="18" coveredelements="10"/>
    </file>
    <package name="Qcloud\Cos\Exception">
      <file name="/Users/tuuna/Git/tuuna-php/src/Qcloud/Cos/Exception/CosException.php">
        <class name="Qcloud\Cos\Exception\CosException" namespace="Qcloud\Cos\Exception">
          <metrics complexity="0" methods="0" coveredmethods="0" conditionals="0" coveredconditionals="0" statements="0" coveredstatements="0" elements="0" coveredelements="0"/>
        </class>
        <metrics loc="5" ncloc="5" classes="0" methods="0" coveredmethods="0" conditionals="0" coveredconditionals="0" statements="0" coveredstatements="0" elements="0" coveredelements="0"/>
      </file>
      <file name="/Users/tuuna/Git/tuuna-php/src/Qcloud/Cos/Exception/ServiceResponseException.php">
        <class name="Qcloud\Cos\Exception\ServiceResponseException" namespace="Qcloud\Cos\Exception">
          <metrics complexity="17" methods="15" coveredmethods="6" conditionals="0" coveredconditionals="0" statements="28" coveredstatements="11" elements="43" coveredelements="17"/>
        </class>
        <line num="40" type="method" name="setExceptionCode" visibility="public" complexity="1" crap="1" count="1"/>
        <line num="41" type="stmt" count="1"/>
        <line num="42" type="stmt" count="1"/>
        <line num="49" type="method" name="getExceptionCode" visibility="public" complexity="1" crap="2" count="0"/>
        <line num="50" type="stmt" count="0"/>
        <line num="58" type="method" name="setExceptionType" visibility="public" complexity="1" crap="1" count="1"/>
        <line num="59" type="stmt" count="1"/>
        <line num="60" type="stmt" count="1"/>
        <line num="67" type="method" name="getExceptionType" visibility="public" complexity="1" crap="2" count="0"/>
        <line num="68" type="stmt" count="0"/>
        <line num="76" type="method" name="setRequestId" visibility="public" complexity="1" crap="1" count="1"/>
        <line num="77" type="stmt" count="1"/>
        <line num="78" type="stmt" count="1"/>
        <line num="85" type="method" name="getRequestId" visibility="public" complexity="1" crap="2" count="0"/>
        <line num="86" type="stmt" count="0"/>
        <line num="94" type="method" name="setResponse" visibility="public" complexity="1" crap="1" count="1"/>
        <line num="95" type="stmt" count="1"/>
        <line num="96" type="stmt" count="1"/>
        <line num="103" type="method" name="getResponse" visibility="public" complexity="1" crap="2" count="0"/>
        <line num="104" type="stmt" count="0"/>
        <line num="112" type="method" name="setRequest" visibility="public" complexity="1" crap="1" count="1"/>
        <line num="113" type="stmt" count="1"/>
        <line num="114" type="stmt" count="1"/>
        <line num="121" type="method" name="getRequest" visibility="public" complexity="1" crap="2" count="0"/>
        <line num="122" type="stmt" count="0"/>
        <line num="130" type="method" name="getStatusCode" visibility="public" complexity="2" crap="2" count="1"/>
        <line num="131" type="stmt" count="1"/>
        <line num="139" type="method" name="__toString" visibility="public" complexity="2" crap="6" count="0"/>
        <line num="140" type="stmt" count="0"/>
        <line num="141" type="stmt" count="0"/>
        <line num="142" type="stmt" count="0"/>
        <line num="143" type="stmt" count="0"/>
        <line num="144" type="stmt" count="0"/>
        <line num="145" type="stmt" count="0"/>
        <line num="148" type="stmt" count="0"/>
        <line num="149" type="stmt" count="0"/>
        <line num="152" type="stmt" count="0"/>
        <line num="164" type="method" name="getCosRequestId" visibility="public" complexity="1" crap="2" count="0"/>
        <line num="165" type="stmt" count="0"/>
        <line num="175" type="method" name="getCosErrorType" visibility="public" complexity="1" crap="2" count="0"/>
        <line num="176" type="stmt" count="0"/>
        <line num="186" type="method" name="getCosErrorCode" visibility="public" complexity="1" crap="2" count="0"/>
        <line num="187" type="stmt" count="0"/>
        <metrics loc="189" ncloc="89" classes="1" methods="15" coveredmethods="6" conditionals="0" coveredconditionals="0" statements="28" coveredstatements="11" elements="43" coveredelements="17"/>
      </file>
    </package>
    <package name="Qcloud\Cos\ImageParamTemplate">
      <file name="/Users/tuuna/Git/tuuna-php/src/Qcloud/Cos/ImageParamTemplate/BlindWatermarkTemplate.php">
        <class name="Qcloud\Cos\ImageParamTemplate\BlindWatermarkTemplate" namespace="Qcloud\Cos\ImageParamTemplate">
          <metrics complexity="17" methods="12" coveredmethods="0" conditionals="0" coveredconditionals="0" statements="50" coveredstatements="0" elements="62" coveredelements="0"/>
        </class>
        <line num="12" type="method" name="__construct" visibility="public" complexity="1" crap="2" count="0"/>
        <line num="13" type="stmt" count="0"/>
        <line num="14" type="stmt" count="0"/>
        <line num="15" type="stmt" count="0"/>
        <line num="16" type="stmt" count="0"/>
        <line num="17" type="stmt" count="0"/>
        <line num="18" type="stmt" count="0"/>
        <line num="20" type="stmt" count="0"/>
        <line num="22" type="method" name="setPick" visibility="public" complexity="1" crap="2" count="0"/>
        <line num="23" type="stmt" count="0"/>
        <line num="24" type="stmt" count="0"/>
        <line num="26" type="method" name="setType" visibility="public" complexity="1" crap="2" count="0"/>
        <line num="27" type="stmt" count="0"/>
        <line num="28" type="stmt" count="0"/>
        <line num="30" type="method" name="setImage" visibility="public" complexity="1" crap="2" count="0"/>
        <line num="31" type="stmt" count="0"/>
        <line num="32" type="stmt" count="0"/>
        <line num="34" type="method" name="setText" visibility="public" complexity="1" crap="2" count="0"/>
        <line num="35" type="stmt" count="0"/>
        <line num="36" type="stmt" count="0"/>
        <line num="38" type="method" name="setLevel" visibility="public" complexity="1" crap="2" count="0"/>
        <line num="39" type="stmt" count="0"/>
        <line num="40" type="stmt" count="0"/>
        <line num="42" type="method" name="getType" visibility="public" complexity="1" crap="2" count="0"/>
        <line num="43" type="stmt" count="0"/>
        <line num="44" type="stmt" count="0"/>
        <line num="46" type="method" name="getImage" visibility="public" complexity="1" crap="2" count="0"/>
        <line num="47" type="stmt" count="0"/>
        <line num="48" type="stmt" count="0"/>
        <line num="50" type="method" name="getText" visibility="public" complexity="1" crap="2" count="0"/>
        <line num="51" type="stmt" count="0"/>
        <line num="52" type="stmt" count="0"/>
        <line num="54" type="method" name="getLevel" visibility="public" complexity="1" crap="2" count="0"/>
        <line num="55" type="stmt" count="0"/>
        <line num="56" type="stmt" count="0"/>
        <line num="59" type="method" name="queryString" visibility="public" complexity="6" crap="42" count="0"/>
        <line num="60" type="stmt" count="0"/>
        <line num="61" type="stmt" count="0"/>
        <line num="62" type="stmt" count="0"/>
        <line num="63" type="stmt" count="0"/>
        <line num="64" type="stmt" count="0"/>
        <line num="65" type="stmt" count="0"/>
        <line num="66" type="stmt" count="0"/>
        <line num="67" type="stmt" count="0"/>
        <line num="68" type="stmt" count="0"/>
        <line num="69" type="stmt" count="0"/>
        <line num="70" type="stmt" count="0"/>
        <line num="71" type="stmt" count="0"/>
        <line num="72" type="stmt" count="0"/>
        <line num="73" type="stmt" count="0"/>
        <line num="74" type="stmt" count="0"/>
        <line num="75" type="stmt" count="0"/>
        <line num="76" type="stmt" count="0"/>
        <line num="77" type="stmt" count="0"/>
        <line num="78" type="stmt" count="0"/>
        <line num="80" type="method" name="resetRule" visibility="public" complexity="1" crap="2" count="0"/>
        <line num="81" type="stmt" count="0"/>
        <line num="82" type="stmt" count="0"/>
        <line num="83" type="stmt" count="0"/>
        <line num="84" type="stmt" count="0"/>
        <line num="85" type="stmt" count="0"/>
        <line num="86" type="stmt" count="0"/>
        <metrics loc="87" ncloc="87" classes="1" methods="12" coveredmethods="0" conditionals="0" coveredconditionals="0" statements="50" coveredstatements="0" elements="62" coveredelements="0"/>
      </file>
      <file name="/Users/tuuna/Git/tuuna-php/src/Qcloud/Cos/ImageParamTemplate/CIParamTransformation.php">
        <class name="Qcloud\Cos\ImageParamTemplate\CIParamTransformation" namespace="Qcloud\Cos\ImageParamTemplate">
          <metrics complexity="7" methods="5" coveredmethods="0" conditionals="0" coveredconditionals="0" statements="19" coveredstatements="0" elements="24" coveredelements="0"/>
        </class>
        <line num="11" type="method" name="__construct" visibility="public" complexity="1" crap="2" count="0"/>
        <line num="12" type="stmt" count="0"/>
        <line num="13" type="stmt" count="0"/>
        <line num="14" type="stmt" count="0"/>
        <line num="15" type="stmt" count="0"/>
        <line num="16" type="stmt" count="0"/>
        <line num="18" type="method" name="addRule" visibility="public" complexity="2" crap="6" count="0"/>
        <line num="19" type="stmt" count="0"/>
        <line num="20" type="stmt" count="0"/>
        <line num="21" type="stmt" count="0"/>
        <line num="22" type="stmt" count="0"/>
        <line num="24" type="method" name="queryString" visibility="public" complexity="2" crap="6" count="0"/>
        <line num="25" type="stmt" count="0"/>
        <line num="26" type="stmt" count="0"/>
        <line num="27" type="stmt" count="0"/>
        <line num="28" type="stmt" count="0"/>
        <line num="29" type="stmt" count="0"/>
        <line num="31" type="method" name="resetRule" visibility="public" complexity="1" crap="2" count="0"/>
        <line num="32" type="stmt" count="0"/>
        <line num="33" type="stmt" count="0"/>
        <line num="34" type="stmt" count="0"/>
        <line num="36" type="method" name="defineRule" visibility="public" complexity="1" crap="2" count="0"/>
        <line num="37" type="stmt" count="0"/>
        <line num="38" type="stmt" count="0"/>
        <metrics loc="39" ncloc="39" classes="1" methods="5" coveredmethods="0" conditionals="0" coveredconditionals="0" statements="19" coveredstatements="0" elements="24" coveredelements="0"/>
      </file>
      <file name="/Users/tuuna/Git/tuuna-php/src/Qcloud/Cos/ImageParamTemplate/ImageMogrTemplate.php">
        <class name="Qcloud\Cos\ImageParamTemplate\ImageMogrTemplate" namespace="Qcloud\Cos\ImageParamTemplate">
          <metrics complexity="37" methods="32" coveredmethods="0" conditionals="0" coveredconditionals="0" statements="86" coveredstatements="0" elements="118" coveredelements="0"/>
        </class>
        <line num="10" type="method" name="__construct" visibility="public" complexity="1" crap="2" count="0"/>
        <line num="11" type="stmt" count="0"/>
        <line num="12" type="stmt" count="0"/>
        <line num="13" type="stmt" count="0"/>
        <line num="14" type="stmt" count="0"/>
        <line num="16" type="method" name="thumbnailByScale" visibility="public" complexity="1" crap="2" count="0"/>
        <line num="17" type="stmt" count="0"/>
        <line num="18" type="stmt" count="0"/>
        <line num="20" type="method" name="thumbnailByWidthScale" visibility="public" complexity="1" crap="2" count="0"/>
        <line num="21" type="stmt" count="0"/>
        <line num="22" type="stmt" count="0"/>
        <line num="24" type="method" name="thumbnailByHeightScale" visibility="public" complexity="1" crap="2" count="0"/>
        <line num="25" type="stmt" count="0"/>
        <line num="26" type="stmt" count="0"/>
        <line num="28" type="method" name="thumbnailByWidth" visibility="public" complexity="1" crap="2" count="0"/>
        <line num="29" type="stmt" count="0"/>
        <line num="30" type="stmt" count="0"/>
        <line num="32" type="method" name="thumbnailByHeight" visibility="public" complexity="1" crap="2" count="0"/>
        <line num="33" type="stmt" count="0"/>
        <line num="34" type="stmt" count="0"/>
        <line num="36" type="method" name="thumbnailByMaxWH" visibility="public" complexity="1" crap="2" count="0"/>
        <line num="37" type="stmt" count="0"/>
        <line num="38" type="stmt" count="0"/>
        <line num="40" type="method" name="thumbnailByMinWH" visibility="public" complexity="1" crap="2" count="0"/>
        <line num="41" type="stmt" count="0"/>
        <line num="42" type="stmt" count="0"/>
        <line num="44" type="method" name="thumbnailByWH" visibility="public" complexity="1" crap="2" count="0"/>
        <line num="45" type="stmt" count="0"/>
        <line num="46" type="stmt" count="0"/>
        <line num="48" type="method" name="thumbnailByPixel" visibility="public" complexity="1" crap="2" count="0"/>
        <line num="49" type="stmt" count="0"/>
        <line num="50" type="stmt" count="0"/>
        <line num="52" type="method" name="cut" visibility="public" complexity="1" crap="2" count="0"/>
        <line num="53" type="stmt" count="0"/>
        <line num="54" type="stmt" count="0"/>
        <line num="56" type="method" name="cropByWidth" visibility="public" complexity="2" crap="6" count="0"/>
        <line num="57" type="stmt" count="0"/>
        <line num="58" type="stmt" count="0"/>
        <line num="59" type="stmt" count="0"/>
        <line num="60" type="stmt" count="0"/>
        <line num="61" type="stmt" count="0"/>
        <line num="62" type="stmt" count="0"/>
        <line num="64" type="method" name="cropByHeight" visibility="public" complexity="2" crap="6" count="0"/>
        <line num="65" type="stmt" count="0"/>
        <line num="66" type="stmt" count="0"/>
        <line num="67" type="stmt" count="0"/>
        <line num="68" type="stmt" count="0"/>
        <line num="69" type="stmt" count="0"/>
        <line num="70" type="stmt" count="0"/>
        <line num="72" type="method" name="cropByWH" visibility="public" complexity="2" crap="6" count="0"/>
        <line num="73" type="stmt" count="0"/>
        <line num="74" type="stmt" count="0"/>
        <line num="75" type="stmt" count="0"/>
        <line num="76" type="stmt" count="0"/>
        <line num="77" type="stmt" count="0"/>
        <line num="78" type="stmt" count="0"/>
        <line num="80" type="method" name="iradius" visibility="public" complexity="1" crap="2" count="0"/>
        <line num="81" type="stmt" count="0"/>
        <line num="82" type="stmt" count="0"/>
        <line num="84" type="method" name="rradius" visibility="public" complexity="1" crap="2" count="0"/>
        <line num="85" type="stmt" count="0"/>
        <line num="86" type="stmt" count="0"/>
        <line num="88" type="method" name="scrop" visibility="public" complexity="1" crap="2" count="0"/>
        <line num="89" type="stmt" count="0"/>
        <line num="90" type="stmt" count="0"/>
        <line num="92" type="method" name="rotate" visibility="public" complexity="1" crap="2" count="0"/>
        <line num="93" type="stmt" count="0"/>
        <line num="94" type="stmt" count="0"/>
        <line num="96" type="method" name="autoOrient" visibility="public" complexity="1" crap="2" count="0"/>
        <line num="97" type="stmt" count="0"/>
        <line num="98" type="stmt" count="0"/>
        <line num="100" type="method" name="format" visibility="public" complexity="1" crap="2" count="0"/>
        <line num="101" type="stmt" count="0"/>
        <line num="102" type="stmt" count="0"/>
        <line num="104" type="method" name="gifOptimization" visibility="public" complexity="1" crap="2" count="0"/>
        <line num="105" type="stmt" count="0"/>
        <line num="106" type="stmt" count="0"/>
        <line num="108" type="method" name="jpegInterlaceMode" visibility="public" complexity="1" crap="2" count="0"/>
[...]
        <line num="1420" type="stmt" count="0"/>
        <line num="1421" type="stmt" count="0"/>
        <line num="1422" type="stmt" count="0"/>
        <line num="1423" type="stmt" count="0"/>
        <line num="1424" type="stmt" count="0"/>
        <line num="1425" type="stmt" count="0"/>
        <line num="1426" type="stmt" count="0"/>
        <line num="1427" type="stmt" count="0"/>
        <line num="1428" type="stmt" count="0"/>
        <line num="1429" type="stmt" count="0"/>
        <line num="1430" type="stmt" count="0"/>
        <line num="1431" type="stmt" count="0"/>
        <line num="1432" type="stmt" count="0"/>
        <line num="1434" type="stmt" count="0"/>
        <line num="1440" type="method" name="testGetObject" visibility="public" complexity="2" crap="6" count="0"/>
        <line num="1442" type="stmt" count="0"/>
        <line num="1443" type="stmt" count="0"/>
        <line num="1444" type="stmt" count="0"/>
        <line num="1445" type="stmt" count="0"/>
        <line num="1446" type="stmt" count="0"/>
        <line num="1447" type="stmt" count="0"/>
        <line num="1448" type="stmt" count="0"/>
        <line num="1449" type="stmt" count="0"/>
        <line num="1451" type="stmt" count="0"/>
        <line num="1457" type="method" name="testDownloadLargeObject" visibility="public" complexity="2" crap="6" count="0"/>
        <line num="1459" type="stmt" count="0"/>
        <line num="1460" type="stmt" count="0"/>
        <line num="1461" type="stmt" count="0"/>
        <line num="1462" type="stmt" count="0"/>
        <line num="1463" type="stmt" count="0"/>
        <line num="1464" type="stmt" count="0"/>
        <line num="1465" type="stmt" count="0"/>
        <line num="1466" type="stmt" count="0"/>
        <line num="1467" type="stmt" count="0"/>
        <line num="1468" type="stmt" count="0"/>
        <line num="1469" type="stmt" count="0"/>
        <line num="1470" type="stmt" count="0"/>
        <line num="1471" type="stmt" count="0"/>
        <line num="1472" type="stmt" count="0"/>
        <line num="1473" type="stmt" count="0"/>
        <line num="1474" type="stmt" count="0"/>
        <line num="1475" type="stmt" count="0"/>
        <line num="1476" type="stmt" count="0"/>
        <line num="1478" type="stmt" count="0"/>
        <line num="1483" type="method" name="testGetObjectSpecialName" visibility="public" complexity="2" crap="6" count="0"/>
        <line num="1485" type="stmt" count="0"/>
        <line num="1486" type="stmt" count="0"/>
        <line num="1487" type="stmt" count="0"/>
        <line num="1488" type="stmt" count="0"/>
        <line num="1489" type="stmt" count="0"/>
        <line num="1490" type="stmt" count="0"/>
        <line num="1491" type="stmt" count="0"/>
        <line num="1492" type="stmt" count="0"/>
        <line num="1494" type="stmt" count="0"/>
        <line num="1500" type="method" name="testGetObjectIfMatchTrue" visibility="public" complexity="2" crap="6" count="0"/>
        <line num="1502" type="stmt" count="0"/>
        <line num="1503" type="stmt" count="0"/>
        <line num="1504" type="stmt" count="0"/>
        <line num="1505" type="stmt" count="0"/>
        <line num="1506" type="stmt" count="0"/>
        <line num="1507" type="stmt" count="0"/>
        <line num="1508" type="stmt" count="0"/>
        <line num="1509" type="stmt" count="0"/>
        <line num="1510" type="stmt" count="0"/>
        <line num="1512" type="stmt" count="0"/>
        <line num="1520" type="method" name="testGetObjectIfMatchFalse" visibility="public" complexity="2" crap="6" count="0"/>
        <line num="1522" type="stmt" count="0"/>
        <line num="1523" type="stmt" count="0"/>
        <line num="1524" type="stmt" count="0"/>
        <line num="1525" type="stmt" count="0"/>
        <line num="1526" type="stmt" count="0"/>
        <line num="1527" type="stmt" count="0"/>
        <line num="1528" type="stmt" count="0"/>
        <line num="1529" type="stmt" count="0"/>
        <line num="1530" type="stmt" count="0"/>
        <line num="1531" type="stmt" count="0"/>
        <line num="1533" type="stmt" count="0"/>
        <line num="1535" type="stmt" count="0"/>
        <line num="1541" type="method" name="testGetObjectIfNoneMatchTrue" visibility="public" complexity="2" crap="6" count="0"/>
        <line num="1543" type="stmt" count="0"/>
        <line num="1544" type="stmt" count="0"/>
        <line num="1545" type="stmt" count="0"/>
        <line num="1546" type="stmt" count="0"/>
        <line num="1547" type="stmt" count="0"/>
        <line num="1548" type="stmt" count="0"/>
        <line num="1549" type="stmt" count="0"/>
        <line num="1550" type="stmt" count="0"/>
        <line num="1551" type="stmt" count="0"/>
        <line num="1553" type="stmt" count="0"/>
        <line num="1561" type="method" name="testGetObjectIfNoneMatchFalse" visibility="public" complexity="2" crap="6" count="0"/>
        <line num="1563" type="stmt" count="0"/>
        <line num="1564" type="stmt" count="0"/>
        <line num="1565" type="stmt" count="0"/>
        <line num="1566" type="stmt" count="0"/>
        <line num="1567" type="stmt" count="0"/>
        <line num="1568" type="stmt" count="0"/>
        <line num="1569" type="stmt" count="0"/>
        <line num="1570" type="stmt" count="0"/>
        <line num="1571" type="stmt" count="0"/>
        <line num="1573" type="stmt" count="0"/>
        <line num="1579" type="method" name="testGetObjectUrl" visibility="public" complexity="2" crap="6" count="0"/>
        <line num="1581" type="stmt" count="0"/>
        <line num="1582" type="stmt" count="0"/>
        <line num="1583" type="stmt" count="0"/>
        <line num="1584" type="stmt" count="0"/>
        <line num="1585" type="stmt" count="0"/>
        <line num="1587" type="stmt" count="0"/>
        <line num="1593" type="method" name="testGetObjectUrlWithoutSign" visibility="public" complexity="2" crap="6" count="0"/>
        <line num="1594" type="stmt" count="0"/>
        <line num="1596" type="stmt" count="0"/>
        <line num="1597" type="stmt" count="0"/>
        <line num="1598" type="stmt" count="0"/>
        <line num="1599" type="stmt" count="0"/>
        <line num="1600" type="stmt" count="0"/>
        <line num="1602" type="stmt" count="0"/>
        <line num="1608" type="method" name="testCopySmallObject" visibility="public" complexity="2" crap="6" count="0"/>
        <line num="1610" type="stmt" count="0"/>
        <line num="1611" type="stmt" count="0"/>
        <line num="1612" type="stmt" count="0"/>
        <line num="1613" type="stmt" count="0"/>
        <line num="1614" type="stmt" count="0"/>
        <line num="1615" type="stmt" count="0"/>
        <line num="1616" type="stmt" count="0"/>
        <line num="1617" type="stmt" count="0"/>
        <line num="1618" type="stmt" count="0"/>
        <line num="1619" type="stmt" count="0"/>
        <line num="1621" type="stmt" count="0"/>
        <line num="1627" type="method" name="testCopyLargeObject" visibility="public" complexity="2" crap="6" count="0"/>
        <line num="1629" type="stmt" count="0"/>
        <line num="1630" type="stmt" count="0"/>
        <line num="1631" type="stmt" count="0"/>
        <line num="1632" type="stmt" count="0"/>
        <line num="1633" type="stmt" count="0"/>
        <line num="1634" type="stmt" count="0"/>
        <line num="1635" type="stmt" count="0"/>
        <line num="1636" type="stmt" count="0"/>
        <line num="1637" type="stmt" count="0"/>
        <line num="1638" type="stmt" count="0"/>
        <line num="1639" type="stmt" count="0"/>
        <line num="1640" type="stmt" count="0"/>
        <line num="1641" type="stmt" count="0"/>
        <line num="1642" type="stmt" count="0"/>
        <line num="1644" type="stmt" count="0"/>
        <line num="1645" type="stmt" count="0"/>
        <line num="1646" type="stmt" count="0"/>
        <line num="1647" type="stmt" count="0"/>
        <line num="1648" type="stmt" count="0"/>
        <line num="1649" type="stmt" count="0"/>
        <line num="1651" type="stmt" count="0"/>
        <line num="1657" type="method" name="testPutObjectACL" visibility="public" complexity="2" crap="6" count="0"/>
        <line num="1659" type="stmt" count="0"/>
        <line num="1660" type="stmt" count="0"/>
        <line num="1662" type="stmt" count="0"/>
        <line num="1663" type="stmt" count="0"/>
        <line num="1681" type="stmt" count="0"/>
        <line num="1682" type="stmt" count="0"/>
        <line num="1683" type="stmt" count="0"/>
        <line num="1684" type="stmt" count="0"/>
        <line num="1687" type="stmt" count="0"/>
        <line num="1694" type="method" name="testGetObjectACL" visibility="public" complexity="2" crap="6" count="0"/>
        <line num="1697" type="stmt" count="0"/>
        <line num="1698" type="stmt" count="0"/>
        <line num="1700" type="stmt" count="0"/>
        <line num="1701" type="stmt" count="0"/>
        <line num="1718" type="stmt" count="0"/>
        <line num="1719" type="stmt" count="0"/>
        <line num="1720" type="stmt" count="0"/>
        <line num="1721" type="stmt" count="0"/>
        <line num="1723" type="stmt" count="0"/>
        <line num="1729" type="method" name="testPutObjectAclPrivate" visibility="public" complexity="2" crap="6" count="0"/>
        <line num="1732" type="stmt" count="0"/>
        <line num="1733" type="stmt" count="0"/>
        <line num="1735" type="stmt" count="0"/>
        <line num="1736" type="stmt" count="0"/>
        <line num="1737" type="stmt" count="0"/>
        <line num="1740" type="stmt" count="0"/>
        <line num="1741" type="stmt" count="0"/>
        <line num="1742" type="stmt" count="0"/>
        <line num="1743" type="stmt" count="0"/>
        <line num="1745" type="stmt" count="0"/>
        <line num="1751" type="method" name="testPutObjectAclPublicRead" visibility="public" complexity="2" crap="6" count="0"/>
        <line num="1754" type="stmt" count="0"/>
        <line num="1755" type="stmt" count="0"/>
        <line num="1757" type="stmt" count="0"/>
        <line num="1758" type="stmt" count="0"/>
        <line num="1759" type="stmt" count="0"/>
        <line num="1762" type="stmt" count="0"/>
        <line num="1763" type="stmt" count="0"/>
        <line num="1764" type="stmt" count="0"/>
        <line num="1765" type="stmt" count="0"/>
        <line num="1767" type="stmt" count="0"/>
        <line num="1774" type="method" name="testPutObjectAclInvalid" visibility="public" complexity="3" crap="12" count="0"/>
        <line num="1777" type="stmt" count="0"/>
        <line num="1778" type="stmt" count="0"/>
        <line num="1780" type="stmt" count="0"/>
        <line num="1781" type="stmt" count="0"/>
        <line num="1782" type="stmt" count="0"/>
        <line num="1785" type="stmt" count="0"/>
        <line num="1786" type="stmt" count="0"/>
        <line num="1787" type="stmt" count="0"/>
        <line num="1789" type="stmt" count="0"/>
        <line num="1795" type="method" name="testPutObjectAclReadToUser" visibility="public" complexity="2" crap="6" count="0"/>
        <line num="1798" type="stmt" count="0"/>
        <line num="1799" type="stmt" count="0"/>
        <line num="1801" type="stmt" count="0"/>
        <line num="1802" type="stmt" count="0"/>
        <line num="1803" type="stmt" count="0"/>
        <line num="1806" type="stmt" count="0"/>
        <line num="1807" type="stmt" count="0"/>
        <line num="1808" type="stmt" count="0"/>
        <line num="1809" type="stmt" count="0"/>
        <line num="1811" type="stmt" count="0"/>
        <line num="1818" type="method" name="testPutObjectAclFullToUser" visibility="public" complexity="2" crap="6" count="0"/>
        <line num="1821" type="stmt" count="0"/>
        <line num="1822" type="stmt" count="0"/>
        <line num="1824" type="stmt" count="0"/>
        <line num="1825" type="stmt" count="0"/>
        <line num="1826" type="stmt" count="0"/>
        <line num="1829" type="stmt" count="0"/>
        <line num="1830" type="stmt" count="0"/>
        <line num="1831" type="stmt" count="0"/>
        <line num="1832" type="stmt" count="0"/>
        <line num="1834" type="stmt" count="0"/>
        <line num="1840" type="method" name="testPutObjectAclToUsers" visibility="public" complexity="2" crap="6" count="0"/>
        <line num="1843" type="stmt" count="0"/>
        <line num="1844" type="stmt" count="0"/>
        <line num="1846" type="stmt" count="0"/>
        <line num="1847" type="stmt" count="0"/>
        <line num="1848" type="stmt" count="0"/>
        <line num="1851" type="stmt" count="0"/>
        <line num="1852" type="stmt" count="0"/>
        <line num="1853" type="stmt" count="0"/>
        <line num="1854" type="stmt" count="0"/>
        <line num="1856" type="stmt" count="0"/>
        <line num="1862" type="method" name="testPutObjectAclToSubuser" visibility="public" complexity="2" crap="6" count="0"/>
        <line num="1865" type="stmt" count="0"/>
        <line num="1866" type="stmt" count="0"/>
        <line num="1868" type="stmt" count="0"/>
        <line num="1869" type="stmt" count="0"/>
        <line num="1870" type="stmt" count="0"/>
        <line num="1873" type="stmt" count="0"/>
        <line num="1874" type="stmt" count="0"/>
        <line num="1875" type="stmt" count="0"/>
        <line num="1876" type="stmt" count="0"/>
        <line num="1878" type="stmt" count="0"/>
        <line num="1885" type="method" name="testPutObjectAclInvalidGrant" visibility="public" complexity="3" crap="12" count="0"/>
        <line num="1888" type="stmt" count="0"/>
        <line num="1889" type="stmt" count="0"/>
        <line num="1891" type="stmt" count="0"/>
        <line num="1892" type="stmt" count="0"/>
        <line num="1893" type="stmt" count="0"/>
        <line num="1896" type="stmt" count="0"/>
        <line num="1897" type="stmt" count="0"/>
        <line num="1898" type="stmt" count="0"/>
        <line num="1900" type="stmt" count="0"/>
        <line num="1906" type="method" name="testPutObjectAclByBody" visibility="public" complexity="2" crap="6" count="0"/>
        <line num="1909" type="stmt" count="0"/>
        <line num="1910" type="stmt" count="0"/>
        <line num="1912" type="stmt" count="0"/>
        <line num="1913" type="stmt" count="0"/>
        <line num="1931" type="stmt" count="0"/>
        <line num="1932" type="stmt" count="0"/>
        <line num="1933" type="stmt" count="0"/>
        <line num="1934" type="stmt" count="0"/>
        <line num="1936" type="stmt" count="0"/>
        <line num="1942" type="method" name="testPutObjectAclByBodyToAnyone" visibility="public" complexity="2" crap="6" count="0"/>
        <line num="1945" type="stmt" count="0"/>
        <line num="1946" type="stmt" count="0"/>
        <line num="1948" type="stmt" count="0"/>
        <line num="1949" type="stmt" count="0"/>
        <line num="1967" type="stmt" count="0"/>
        <line num="1968" type="stmt" count="0"/>
        <line num="1969" type="stmt" count="0"/>
        <line num="1970" type="stmt" count="0"/>
        <line num="1972" type="stmt" count="0"/>
        <line num="1978" type="method" name="testSelectObjectContent" visibility="public" complexity="3" crap="12" count="0"/>
        <line num="1980" type="stmt" count="0"/>
        <line num="1982" type="stmt" count="0"/>
        <line num="1989" type="stmt" count="0"/>
        <line num="1990" type="stmt" count="0"/>
        <line num="1991" type="stmt" count="0"/>
        <line num="1992" type="stmt" count="0"/>
        <line num="1993" type="stmt" count="0"/>
        <line num="1994" type="stmt" count="0"/>
        <line num="2019" type="stmt" count="0"/>
        <line num="2021" type="stmt" count="0"/>
        <line num="2022" type="stmt" count="0"/>
        <line num="2023" type="stmt" count="0"/>
        <line num="2024" type="stmt" count="0"/>
        <line num="2026" type="stmt" count="0"/>
        <line num="2033" type="method" name="testPutObjectTaggingObjectNonExisted" visibility="public" complexity="3" crap="12" count="0"/>
        <line num="2036" type="stmt" count="0"/>
        <line num="2037" type="stmt" count="0"/>
        <line num="2039" type="stmt" count="0"/>
        <line num="2040" type="stmt" count="0"/>
        <line num="2044" type="stmt" count="0"/>
        <line num="2046" type="stmt" count="0"/>
        <line num="2047" type="stmt" count="0"/>
        <line num="2048" type="stmt" count="0"/>
        <line num="2051" type="stmt" count="0"/>
        <line num="2052" type="stmt" count="0"/>
        <line num="2053" type="stmt" count="0"/>
        <line num="2055" type="stmt" count="0"/>
        <line num="2063" type="method" name="testDetectText" visibility="public" complexity="2" crap="2.06" count="1"/>
        <line num="2064" type="stmt" count="1"/>
        <line num="2066" type="stmt" count="1"/>
        <line num="2067" type="stmt" count="1"/>
        <line num="2069" type="stmt" count="1"/>
        <line num="2076" type="stmt" count="0"/>
        <line num="2077" type="stmt" count="1"/>
        <line num="2078" type="stmt" count="1"/>
        <line num="2081" type="stmt" count="0"/>
        <metrics loc="2082" ncloc="1676" classes="1" methods="84" coveredmethods="2" conditionals="0" coveredconditionals="0" statements="875" coveredstatements="19" elements="959" coveredelements="21"/>
      </file>
      <file name="/Users/tuuna/Git/tuuna-php/src/Qcloud/Cos/Tests/TestHelper.php">
        <class name="Qcloud\Cos\Tests\TestHelper" namespace="Qcloud\Cos\Tests">
          <metrics complexity="8" methods="1" coveredmethods="0" conditionals="0" coveredconditionals="0" statements="32" coveredstatements="0" elements="33" coveredelements="0"/>
        </class>
        <line num="9" type="method" name="nuke" visibility="public" complexity="8" crap="72" count="0"/>
        <line num="10" type="stmt" count="0"/>
        <line num="11" type="stmt" count="0"/>
        <line num="12" type="stmt" count="0"/>
        <line num="13" type="stmt" count="0"/>
        <line num="14" type="stmt" count="0"/>
        <line num="15" type="stmt" count="0"/>
        <line num="16" type="stmt" count="0"/>
        <line num="17" type="stmt" count="0"/>
        <line num="18" type="stmt" count="0"/>
        <line num="19" type="stmt" count="0"/>
        <line num="20" type="stmt" count="0"/>
        <line num="22" type="stmt" count="0"/>
        <line num="23" type="stmt" count="0"/>
        <line num="24" type="stmt" count="0"/>
        <line num="25" type="stmt" count="0"/>
        <line num="26" type="stmt" count="0"/>
        <line num="27" type="stmt" count="0"/>
        <line num="28" type="stmt" count="0"/>
        <line num="29" type="stmt" count="0"/>
        <line num="30" type="stmt" count="0"/>
        <line num="31" type="stmt" count="0"/>
        <line num="32" type="stmt" count="0"/>
        <line num="33" type="stmt" count="0"/>
        <line num="34" type="stmt" count="0"/>
        <line num="35" type="stmt" count="0"/>
        <line num="36" type="stmt" count="0"/>
        <line num="37" type="stmt" count="0"/>
        <line num="38" type="stmt" count="0"/>
        <line num="39" type="stmt" count="0"/>
        <line num="40" type="stmt" count="0"/>
        <line num="42" type="stmt" count="0"/>
        <line num="43" type="stmt" count="0"/>
        <metrics loc="44" ncloc="42" classes="1" methods="1" coveredmethods="0" conditionals="0" coveredconditionals="0" statements="32" coveredstatements="0" elements="33" coveredelements="0"/>
      </file>
    </package>
    <metrics files="29" loc="11666" ncloc="10750" classes="27" methods="302" coveredmethods="27" conditionals="0" coveredconditionals="0" statements="2397" coveredstatements="295" elements="2699" coveredelements="322"/>
  </project>
</coverage>
